Library/Bee/Android/Prj/Mono2x/Gradle/launcher/build/intermediates/manifest_merge_blame_file/release/manifest-merger-blame-release-report.txt
1<?xml version="1.0" encoding="utf-8"?>
2<manifest xmlns:android="http://schemas.android.com/apk/res/android"
3    package="goontales.betboom.leite"
4    android:installLocation="preferExternal"
5    android:versionCode="1"
6    android:versionName="1.0" >
7
8    <uses-sdk
9        android:minSdkVersion="22"
9-->src\main\AndroidManifest.xml
10        android:targetSdkVersion="30" />
10-->src\main\AndroidManifest.xml
11
12    <supports-screens
12-->src\main\AndroidManifest.xml:3:3-163
13        android:anyDensity="true"
13-->src\main\AndroidManifest.xml:3:135-160
14        android:largeScreens="true"
14-->src\main\AndroidManifest.xml:3:78-105
15        android:normalScreens="true"
15-->src\main\AndroidManifest.xml:3:49-77
16        android:smallScreens="true"
16-->src\main\AndroidManifest.xml:3:21-48
17        android:xlargeScreens="true" />
17-->src\main\AndroidManifest.xml:3:106-134
18
19    <uses-feature android:glEsVersion="0x00030000" />
19-->[:unityLibrary] AndroidManifest.xml:12:5-54
19-->[:unityLibrary] AndroidManifest.xml:12:19-51
20    <uses-feature
20-->[:unityLibrary] AndroidManifest.xml:13:5-15:36
21        android:name="android.hardware.vulkan.version"
21-->[:unityLibrary] AndroidManifest.xml:14:9-55
22        android:required="false" />
22-->[:unityLibrary] AndroidManifest.xml:15:9-33
23
24    <uses-permission android:name="android.permission.INTERNET" />
24-->[:unityLibrary] AndroidManifest.xml:17:5-67
24-->[:unityLibrary] AndroidManifest.xml:17:22-64
25    <uses-permission android:name="android.permission.ACCESS_NETWORK_STATE" />
25-->[:unityLibrary] AndroidManifest.xml:18:5-79
25-->[:unityLibrary] AndroidManifest.xml:18:22-76
26
27    <uses-feature
27-->[:unityLibrary] AndroidManifest.xml:20:5-22:36
28        android:name="android.hardware.touchscreen"
28-->[:unityLibrary] AndroidManifest.xml:21:9-52
29        android:required="false" />
29-->[:unityLibrary] AndroidManifest.xml:22:9-33
30    <uses-feature
30-->[:unityLibrary] AndroidManifest.xml:23:5-25:36
31        android:name="android.hardware.touchscreen.multitouch"
31-->[:unityLibrary] AndroidManifest.xml:24:9-63
32        android:required="false" />
32-->[:unityLibrary] AndroidManifest.xml:25:9-33
33    <uses-feature
33-->[:unityLibrary] AndroidManifest.xml:26:5-28:36
34        android:name="android.hardware.touchscreen.multitouch.distinct"
34-->[:unityLibrary] AndroidManifest.xml:27:9-72
35        android:required="false" />
35-->[:unityLibrary] AndroidManifest.xml:28:9-33
36
37    <uses-permission android:name="android.permission.WAKE_LOCK" />
37-->[:com.google.android.gms.play-services-measurement-impl-21.2.0:] AndroidManifest.xml:25:5-68
37-->[:com.google.android.gms.play-services-measurement-impl-21.2.0:] AndroidManifest.xml:25:22-65
38    <uses-permission android:name="com.google.android.finsky.permission.BIND_GET_INSTALL_REFERRER_SERVICE" />
38-->[:com.google.android.gms.play-services-measurement-impl-21.2.0:] AndroidManifest.xml:26:5-110
38-->[:com.google.android.gms.play-services-measurement-impl-21.2.0:] AndroidManifest.xml:26:22-107
39    <uses-permission android:name="com.google.android.gms.permission.AD_ID" />
39-->[:com.google.android.gms.play-services-measurement-impl-21.2.0:] AndroidManifest.xml:27:5-79
39-->[:com.google.android.gms.play-services-measurement-impl-21.2.0:] AndroidManifest.xml:27:22-76
40
41    <application
41-->src\main\AndroidManifest.xml:4:3-83
42        android:appComponentFactory="androidx.core.app.CoreComponentFactory"
42-->[:androidx.core.core-1.2.0:] AndroidManifest.xml:24:18-86
43        android:extractNativeLibs="true"
43-->[:unityLibrary] AndroidManifest.xml:30:18-50
44        android:icon="@mipmap/app_icon"
44-->src\main\AndroidManifest.xml:4:49-80
45        android:label="@string/app_name" >
45-->src\main\AndroidManifest.xml:4:16-48
46        <activity
46-->[:unityLibrary] AndroidManifest.xml:31:9-51:20
47            android:name="com.unity3d.player.UnityPlayerActivity"
47-->[:unityLibrary] AndroidManifest.xml:32:13-66
48            android:configChanges="mcc|mnc|locale|touchscreen|keyboard|keyboardHidden|navigation|orientation|screenLayout|uiMode|screenSize|smallestScreenSize|fontScale|layoutDirection|density"
48-->[:unityLibrary] AndroidManifest.xml:33:13-194
49            android:hardwareAccelerated="true"
49-->[:unityLibrary] AndroidManifest.xml:34:13-47
50            android:launchMode="singleTask"
50-->[:unityLibrary] AndroidManifest.xml:35:13-44
51            android:resizeableActivity="false"
51-->[:unityLibrary] AndroidManifest.xml:36:13-47
52            android:screenOrientation="fullUser"
52-->[:unityLibrary] AndroidManifest.xml:37:13-49
53            android:theme="@style/UnityThemeSelector" >
53-->[:unityLibrary] AndroidManifest.xml:38:13-54
54            <intent-filter>
54-->[:unityLibrary] AndroidManifest.xml:39:13-43:29
55                <action android:name="android.intent.action.MAIN" />
55-->[:unityLibrary] AndroidManifest.xml:40:17-69
55-->[:unityLibrary] AndroidManifest.xml:40:25-66
56
57                <category android:name="android.intent.category.LAUNCHER" />
57-->[:unityLibrary] AndroidManifest.xml:42:17-77
57-->[:unityLibrary] AndroidManifest.xml:42:27-74
58            </intent-filter>
59
60            <meta-data
60-->[:unityLibrary] AndroidManifest.xml:45:13-47:40
61                android:name="unityplayer.UnityActivity"
61-->[:unityLibrary] AndroidManifest.xml:46:17-57
62                android:value="true" />
62-->[:unityLibrary] AndroidManifest.xml:47:17-37
63            <meta-data
63-->[:unityLibrary] AndroidManifest.xml:48:13-50:40
64                android:name="android.notch_support"
64-->[:unityLibrary] AndroidManifest.xml:49:17-53
65                android:value="true" />
65-->[:unityLibrary] AndroidManifest.xml:50:17-37
66        </activity>
67
68        <meta-data
68-->[:unityLibrary] AndroidManifest.xml:53:9-55:33
69            android:name="unity.splash-mode"
69-->[:unityLibrary] AndroidManifest.xml:54:13-45
70            android:value="0" />
70-->[:unityLibrary] AndroidManifest.xml:55:13-30
71        <meta-data
71-->[:unityLibrary] AndroidManifest.xml:56:9-58:36
72            android:name="unity.splash-enable"
72-->[:unityLibrary] AndroidManifest.xml:57:13-47
73            android:value="True" />
73-->[:unityLibrary] AndroidManifest.xml:58:13-33
74        <meta-data
74-->[:unityLibrary] AndroidManifest.xml:59:9-61:36
75            android:name="unity.launch-fullscreen"
75-->[:unityLibrary] AndroidManifest.xml:60:13-51
76            android:value="True" />
76-->[:unityLibrary] AndroidManifest.xml:61:13-33
77        <meta-data
77-->[:unityLibrary] AndroidManifest.xml:62:9-64:37
78            android:name="unity.allow-resizable-window"
78-->[:unityLibrary] AndroidManifest.xml:63:13-56
79            android:value="False" />
79-->[:unityLibrary] AndroidManifest.xml:64:13-34
80        <meta-data
80-->[:unityLibrary] AndroidManifest.xml:65:9-67:50
81            android:name="notch.config"
81-->[:unityLibrary] AndroidManifest.xml:66:13-40
82            android:value="portrait|landscape" />
82-->[:unityLibrary] AndroidManifest.xml:67:13-47
83
84        <provider
84-->[:unityLibrary] AndroidManifest.xml:69:9-77:20
85            android:name="androidx.core.content.FileProvider"
85-->[:unityLibrary] AndroidManifest.xml:70:13-62
86            android:authorities="goontales.betboom.leite.unitywebview.fileprovider"
86-->[:unityLibrary] AndroidManifest.xml:71:13-84
87            android:exported="false"
87-->[:unityLibrary] AndroidManifest.xml:72:13-37
88            android:grantUriPermissions="true" >
88-->[:unityLibrary] AndroidManifest.xml:73:13-47
89            <meta-data
89-->[:unityLibrary] AndroidManifest.xml:74:13-76:76
90                android:name="android.support.FILE_PROVIDER_PATHS"
90-->[:unityLibrary] AndroidManifest.xml:75:17-67
91                android:resource="@xml/unitywebview_file_provider_paths" />
91-->[:unityLibrary] AndroidManifest.xml:76:17-73
92        </provider>
93
94        <service
94-->[:com.google.firebase.firebase-abt-21.0.2:] AndroidManifest.xml:12:9-16:19
95            android:name="com.google.firebase.components.ComponentDiscoveryService"
95-->[:com.google.firebase.firebase-abt-21.0.2:] AndroidManifest.xml:12:18-89
96            android:directBootAware="true"
96-->[:com.google.firebase.firebase-common-20.2.0:] AndroidManifest.xml:21:86-116
97            android:exported="false" >
97-->[:com.google.firebase.firebase-config-21.2.0:] AndroidManifest.xml:30:13-37
98            <meta-data
98-->[:com.google.firebase.firebase-abt-21.0.2:] AndroidManifest.xml:13:13-15:85
99                android:name="com.google.firebase.components:com.google.firebase.abt.component.AbtRegistrar"
99-->[:com.google.firebase.firebase-abt-21.0.2:] AndroidManifest.xml:14:17-109
100                android:value="com.google.firebase.components.ComponentRegistrar" />
100-->[:com.google.firebase.firebase-abt-21.0.2:] AndroidManifest.xml:15:17-82
101            <meta-data
101-->[:com.google.firebase.firebase-config-21.2.0:] AndroidManifest.xml:31:13-33:85
102                android:name="com.google.firebase.components:com.google.firebase.remoteconfig.RemoteConfigRegistrar"
102-->[:com.google.firebase.firebase-config-21.2.0:] AndroidManifest.xml:32:17-117
103                android:value="com.google.firebase.components.ComponentRegistrar" />
103-->[:com.google.firebase.firebase-config-21.2.0:] AndroidManifest.xml:33:17-82
104            <meta-data
104-->[:com.google.firebase.firebase-installations-17.0.3:] AndroidManifest.xml:18:13-20:85
105                android:name="com.google.firebase.components:com.google.firebase.installations.FirebaseInstallationsRegistrar"
105-->[:com.google.firebase.firebase-installations-17.0.3:] AndroidManifest.xml:19:17-127
106                android:value="com.google.firebase.components.ComponentRegistrar" />
106-->[:com.google.firebase.firebase-installations-17.0.3:] AndroidManifest.xml:20:17-82
107            <meta-data
107-->[:com.google.android.gms.play-services-measurement-api-21.2.0:] AndroidManifest.xml:31:13-33:85
108                android:name="com.google.firebase.components:com.google.firebase.analytics.connector.internal.AnalyticsConnectorRegistrar"
108-->[:com.google.android.gms.play-services-measurement-api-21.2.0:] AndroidManifest.xml:32:17-139
109                android:value="com.google.firebase.components.ComponentRegistrar" />
109-->[:com.google.android.gms.play-services-measurement-api-21.2.0:] AndroidManifest.xml:33:17-82
110        </service>
111
112        <receiver
112-->[:com.google.android.gms.play-services-measurement-21.2.0:] AndroidManifest.xml:29:9-33:20
113            android:name="com.google.android.gms.measurement.AppMeasurementReceiver"
113-->[:com.google.android.gms.play-services-measurement-21.2.0:] AndroidManifest.xml:30:13-85
114            android:enabled="true"
114-->[:com.google.android.gms.play-services-measurement-21.2.0:] AndroidManifest.xml:31:13-35
115            android:exported="false" >
115-->[:com.google.android.gms.play-services-measurement-21.2.0:] AndroidManifest.xml:32:13-37
116        </receiver>
117
118        <service
118-->[:com.google.android.gms.play-services-measurement-21.2.0:] AndroidManifest.xml:35:9-38:40
119            android:name="com.google.android.gms.measurement.AppMeasurementService"
119-->[:com.google.android.gms.play-services-measurement-21.2.0:] AndroidManifest.xml:36:13-84
120            android:enabled="true"
120-->[:com.google.android.gms.play-services-measurement-21.2.0:] AndroidManifest.xml:37:13-35
121            android:exported="false" />
121-->[:com.google.android.gms.play-services-measurement-21.2.0:] AndroidManifest.xml:38:13-37
122        <service
122-->[:com.google.android.gms.play-services-measurement-21.2.0:] AndroidManifest.xml:39:9-43:72
123            android:name="com.google.android.gms.measurement.AppMeasurementJobService"
123-->[:com.google.android.gms.play-services-measurement-21.2.0:] AndroidManifest.xml:40:13-87
124            android:enabled="true"
124-->[:com.google.android.gms.play-services-measurement-21.2.0:] AndroidManifest.xml:41:13-35
125            android:exported="false"
125-->[:com.google.android.gms.play-services-measurement-21.2.0:] AndroidManifest.xml:42:13-37
126            android:permission="android.permission.BIND_JOB_SERVICE" />
126-->[:com.google.android.gms.play-services-measurement-21.2.0:] AndroidManifest.xml:43:13-69
127
128        <activity
128-->[:com.google.android.gms.play-services-base-18.1.0:] AndroidManifest.xml:20:9-22:45
129            android:name="com.google.android.gms.common.api.GoogleApiActivity"
129-->[:com.google.android.gms.play-services-base-18.1.0:] AndroidManifest.xml:20:19-85
130            android:exported="false"
130-->[:com.google.android.gms.play-services-base-18.1.0:] AndroidManifest.xml:22:19-43
131            android:theme="@android:style/Theme.Translucent.NoTitleBar" />
131-->[:com.google.android.gms.play-services-base-18.1.0:] AndroidManifest.xml:21:19-78
132
133        <meta-data
133-->[:com.google.android.gms.play-services-basement-18.1.0:] AndroidManifest.xml:21:9-23:69
134            android:name="com.google.android.gms.version"
134-->[:com.google.android.gms.play-services-basement-18.1.0:] AndroidManifest.xml:22:13-58
135            android:value="@integer/google_play_services_version" />
135-->[:com.google.android.gms.play-services-basement-18.1.0:] AndroidManifest.xml:23:13-66
136
137        <provider
137-->[:com.google.firebase.firebase-common-20.2.0:] AndroidManifest.xml:20:5-229
138            android:name="com.google.firebase.provider.FirebaseInitProvider"
138-->[:com.google.firebase.firebase-common-20.2.0:] AndroidManifest.xml:20:15-79
139            android:authorities="goontales.betboom.leite.firebaseinitprovider"
139-->[:com.google.firebase.firebase-common-20.2.0:] AndroidManifest.xml:20:80-146
140            android:directBootAware="true"
140-->[:com.google.firebase.firebase-common-20.2.0:] AndroidManifest.xml:20:147-177
141            android:exported="false"
141-->[:com.google.firebase.firebase-common-20.2.0:] AndroidManifest.xml:20:178-202
142            android:initOrder="100" />
142-->[:com.google.firebase.firebase-common-20.2.0:] AndroidManifest.xml:20:203-226
143    </application>
144
145</manifest>